{"/Users/marc/Work/airbnbot/airbnbot-js/src/messages.ts": {"path":"/Users/marc/Work/airbnbot/airbnbot-js/src/messages.ts","statementMap":{"0":{"start":{"line":6,"column":13},"end":{"line":17,"column":1}},"1":{"start":{"line":7,"column":2},"end":{"line":16,"column":3}},"2":{"start":{"line":24,"column":13},"end":{"line":37,"column":1}},"3":{"start":{"line":25,"column":2},"end":{"line":36,"column":3}},"4":{"start":{"line":44,"column":13},"end":{"line":57,"column":1}},"5":{"start":{"line":45,"column":2},"end":{"line":56,"column":3}},"6":{"start":{"line":65,"column":32},"end":{"line":93,"column":1}},"7":{"start":{"line":66,"column":2},"end":{"line":92,"column":3}},"8":{"start":{"line":101,"column":13},"end":{"line":124,"column":1}},"9":{"start":{"line":102,"column":19},"end":{"line":104,"column":4}},"10":{"start":{"line":103,"column":4},"end":{"line":103,"column":56}},"11":{"start":{"line":107,"column":2},"end":{"line":109,"column":3}},"12":{"start":{"line":108,"column":4},"end":{"line":108,"column":20}},"13":{"start":{"line":111,"column":2},"end":{"line":117,"column":16}},"14":{"start":{"line":113,"column":6},"end":{"line":115,"column":7}},"15":{"start":{"line":119,"column":2},"end":{"line":123,"column":3}},"16":{"start":{"line":121,"column":6},"end":{"line":121,"column":45}}},"fnMap":{"0":{"name":"(anonymous_0)","decl":{"start":{"line":6,"column":30},"end":{"line":6,"column":30}},"loc":{"start":{"line":6,"column":43},"end":{"line":17,"column":1}}},"1":{"name":"(anonymous_1)","decl":{"start":{"line":24,"column":31},"end":{"line":24,"column":31}},"loc":{"start":{"line":24,"column":44},"end":{"line":37,"column":1}}},"2":{"name":"(anonymous_2)","decl":{"start":{"line":44,"column":33},"end":{"line":44,"column":33}},"loc":{"start":{"line":44,"column":46},"end":{"line":57,"column":1}}},"3":{"name":"(anonymous_3)","decl":{"start":{"line":65,"column":32},"end":{"line":65,"column":32}},"loc":{"start":{"line":65,"column":62},"end":{"line":93,"column":1}}},"4":{"name":"(anonymous_4)","decl":{"start":{"line":101,"column":32},"end":{"line":101,"column":32}},"loc":{"start":{"line":101,"column":63},"end":{"line":124,"column":1}}},"5":{"name":"(anonymous_5)","decl":{"start":{"line":102,"column":35},"end":{"line":102,"column":35}},"loc":{"start":{"line":102,"column":48},"end":{"line":104,"column":3}}},"6":{"name":"(anonymous_6)","decl":{"start":{"line":112,"column":10},"end":{"line":112,"column":10}},"loc":{"start":{"line":112,"column":25},"end":{"line":116,"column":5}}},"7":{"name":"(anonymous_7)","decl":{"start":{"line":120,"column":27},"end":{"line":120,"column":27}},"loc":{"start":{"line":120,"column":40},"end":{"line":121,"column":45}}}},"branchMap":{"0":{"loc":{"start":{"line":69,"column":11},"end":{"line":69,"column":39}},"type":"cond-expr","locations":[{"start":{"line":69,"column":11},"end":{"line":69,"column":39}},{"start":{"line":70,"column":8},"end":{"line":70,"column":33}}]},"1":{"loc":{"start":{"line":77,"column":8},"end":{"line":77,"column":68}},"type":"cond-expr","locations":[{"start":{"line":77,"column":8},"end":{"line":77,"column":68}},{"start":{"line":78,"column":8},"end":{"line":78,"column":35}}]},"2":{"loc":{"start":{"line":107,"column":2},"end":{"line":109,"column":3}},"type":"if","locations":[{"start":{"line":107,"column":2},"end":{"line":109,"column":3}},{"start":{"line":107,"column":2},"end":{"line":109,"column":3}}]}},"s":{"0":1,"1":1,"2":1,"3":1,"4":1,"5":1,"6":1,"7":3,"8":1,"9":2,"10":4,"11":2,"12":1,"13":2,"14":1,"15":2,"16":3},"f":{"0":1,"1":1,"2":1,"3":3,"4":2,"5":4,"6":1,"7":3},"b":{"0":[2,1],"1":[2,1],"2":[1,1]}}
}
