TN:
SF:/Users/marc/Work/airbnbot/airbnbot-js/src/messages.ts
FN:6,(anonymous_0)
FN:24,(anonymous_1)
FN:44,(anonymous_2)
FN:65,(anonymous_3)
FN:101,(anonymous_4)
FN:102,(anonymous_5)
FN:112,(anonymous_6)
FN:120,(anonymous_7)
FNF:8
FNH:8
FNDA:1,(anonymous_0)
FNDA:1,(anonymous_1)
FNDA:1,(anonymous_2)
FNDA:3,(anonymous_3)
FNDA:2,(anonymous_4)
FNDA:4,(anonymous_5)
FNDA:1,(anonymous_6)
FNDA:3,(anonymous_7)
DA:6,1
DA:7,1
DA:24,1
DA:25,1
DA:44,1
DA:45,1
DA:65,1
DA:66,3
DA:101,1
DA:102,2
DA:103,4
DA:107,2
DA:108,1
DA:111,2
DA:113,1
DA:119,2
DA:121,3
LF:17
LH:17
BRDA:69,0,0,2
BRDA:69,0,1,1
BRDA:77,1,0,2
BRDA:77,1,1,1
BRDA:107,2,0,1
BRDA:107,2,1,1
BRF:6
BRH:6
end_of_record
